<?xml version="1.0" encoding="UTF-8"?>
<testng-results skipped="0" failed="0" ignored="0" total="1" passed="1">
  <reporter-output>
  </reporter-output>
  <suite name="Suite" duration-ms="130688" started-at="2020-04-15T11:40:55 IST" finished-at="2020-04-15T11:43:06 IST">
    <groups>
    </groups>
    <test name="Test" duration-ms="130688" started-at="2020-04-15T11:40:55 IST" finished-at="2020-04-15T11:43:06 IST">
      <class name="pages.main">
        <test-method status="PASS" signature="setup(java.lang.String, java.lang.String)[pri:0, instance:pages.main@544fa968]" name="setup" is-config="true" duration-ms="43286" started-at="2020-04-15T11:40:55 IST" finished-at="2020-04-15T11:41:39 IST">
          <params>
            <param index="0">
              <value>
                <![CDATA[chrome]]>
              </value>
            </param>
            <param index="1">
              <value>
                <![CDATA[http://automationpractice.com/index.php]]>
              </value>
            </param>
          </params>
          <reporter-output>
          </reporter-output>
        </test-method> <!-- setup -->
        <test-method status="PASS" signature="mainMethod()[pri:0, instance:pages.main@544fa968]" name="mainMethod" duration-ms="86072" started-at="2020-04-15T11:41:39 IST" finished-at="2020-04-15T11:43:05 IST">
          <reporter-output>
          </reporter-output>
        </test-method> <!-- mainMethod -->
        <test-method status="PASS" signature="teardown()[pri:0, instance:pages.main@544fa968]" name="teardown" is-config="true" duration-ms="1253" started-at="2020-04-15T11:43:05 IST" finished-at="2020-04-15T11:43:06 IST">
          <reporter-output>
          </reporter-output>
        </test-method> <!-- teardown -->
      </class> <!-- pages.main -->
    </test> <!-- Test -->
  </suite> <!-- Suite -->
</testng-results>
